2018-11-09 21:22:02,471 [DEBUG][main            ][les.goodmorning.message.Messages] - Type for hours: 21 is EVENING
2018-11-09 21:22:02,474 [DEBUG][main            ][les.goodmorning.message.Resourse] - Map contains request locale: русский
2018-11-09 21:22:02,474 [DEBUG][main            ][les.goodmorning.message.Messages] - Type: EVENING, Locale: русскийresult: Добрый вечер, Мир!
2018-11-09 21:23:47,380 [DEBUG][main            ][les.goodmorning.message.Messages] - Type for hours: 21 is EVENING
2018-11-09 21:23:47,382 [DEBUG][main            ][les.goodmorning.message.Resourse] - Return messages for locale: русский
2018-11-09 21:23:47,383 [DEBUG][main            ][les.goodmorning.message.Messages] - Type: EVENING, Locale: русскийresult: Добрый вечер, Мир!
2018-11-09 23:52:43,107 [DEBUG][main            ][ples.goodmorning.message.Message] - Hours:22. Detecting type is EVENING
2018-11-09 23:52:43,118 [DEBUG][main            ][ples.goodmorning.message.Message] - Hours:26. Detecting type is NIGHT
2018-11-09 23:52:43,169 [DEBUG][main            ][ples.goodmorning.message.Message] - Hours:13. Detecting type is DAY
2018-11-09 23:52:43,170 [DEBUG][main            ][ples.goodmorning.message.Message] - Hours:3. Detecting type is NIGHT
2018-11-09 23:52:43,171 [DEBUG][main            ][ples.goodmorning.message.Message] - Hours:7. Detecting type is MORNIGN
2018-11-09 23:52:43,188 [DEBUG][main            ][les.goodmorning.message.Resourse] - Return messages for locale: английский
2018-11-09 23:52:43,189 [DEBUG][main            ][ples.goodmorning.message.Message] - Type: NIGHT, Locale: английский, text message result: Good night, World!
2018-11-09 23:54:54,794 [DEBUG][main            ][ples.goodmorning.message.Message] - Hours:22. Detecting type is EVENING
2018-11-09 23:54:54,812 [DEBUG][main            ][ples.goodmorning.message.Message] - Hours:26. Detecting type is NIGHT
2018-11-09 23:54:54,896 [DEBUG][main            ][ples.goodmorning.message.Message] - Hours:13. Detecting type is DAY
2018-11-09 23:54:54,897 [DEBUG][main            ][ples.goodmorning.message.Message] - Hours:3. Detecting type is NIGHT
2018-11-09 23:54:54,905 [DEBUG][main            ][ples.goodmorning.message.Message] - Hours:7. Detecting type is MORNIGN
2018-11-09 23:54:54,920 [DEBUG][main            ][les.goodmorning.message.Resourse] - Return messages for locale: английский
2018-11-09 23:54:54,920 [DEBUG][main            ][ples.goodmorning.message.Message] - Type: NIGHT, Locale: английский, text message result: Good night, World!
2018-11-09 23:55:16,966 [DEBUG][main            ][ples.goodmorning.message.Message] - Hours:22. Detecting type is EVENING
2018-11-09 23:56:08,136 [DEBUG][main            ][ples.goodmorning.message.Message] - Hours:26. Detecting type is NIGHT
2018-11-09 23:56:08,183 [DEBUG][main            ][ples.goodmorning.message.Message] - Hours:13. Detecting type is DAY
2018-11-09 23:56:08,184 [DEBUG][main            ][ples.goodmorning.message.Message] - Hours:3. Detecting type is NIGHT
2018-11-09 23:56:08,193 [DEBUG][main            ][ples.goodmorning.message.Message] - Hours:7. Detecting type is MORNIGN
2018-11-09 23:56:08,196 [DEBUG][main            ][les.goodmorning.message.Resourse] - Return messages for locale: английский
2018-11-09 23:56:08,196 [DEBUG][main            ][ples.goodmorning.message.Message] - Type: NIGHT, Locale: английский, text message result: Good night, World!
2018-11-09 23:56:55,627 [DEBUG][main            ][ples.goodmorning.message.Message] - Hours:26. Detecting type is NIGHT
2018-11-09 23:56:55,633 [DEBUG][main            ][les.goodmorning.message.Resourse] - Return messages for locale: русский
2018-11-09 23:56:55,639 [DEBUG][main            ][ples.goodmorning.message.Message] - Type: NIGHT, Locale: русский, text message result: Доброй ночи, Мир!
2018-11-09 23:57:13,035 [DEBUG][main            ][ples.goodmorning.message.Message] - Hours:22. Detecting type is EVENING
2018-11-09 23:57:13,043 [DEBUG][main            ][ples.goodmorning.message.Message] - Hours:13. Detecting type is DAY
2018-11-09 23:57:13,056 [DEBUG][main            ][ples.goodmorning.message.Message] - Hours:3. Detecting type is NIGHT
2018-11-09 23:57:13,057 [DEBUG][main            ][ples.goodmorning.message.Message] - Hours:7. Detecting type is MORNIGN
2018-11-09 23:57:13,070 [DEBUG][main            ][les.goodmorning.message.Resourse] - Return messages for locale: английский
2018-11-09 23:57:13,071 [DEBUG][main            ][ples.goodmorning.message.Message] - Type: NIGHT, Locale: английский, text message result: Good night, World!
